
  You can now view your Streamlit app in your browser.

  Local URL: http://localhost:8501
  Network URL: http://192.168.201.230:8501

  For better performance, install the Watchdog module:

  $ xcode-select --install
  $ pip install watchdog
            
/Users/Work/Library/Python/3.9/lib/python/site-packages/urllib3/__init__.py:35: NotOpenSSLWarning: urllib3 v2 only supports OpenSSL 1.1.1+, currently the 'ssl' module is compiled with 'LibreSSL 2.8.3'. See: https://github.com/urllib3/urllib3/issues/3020
  warnings.warn(
/Users/Work/pythonCodes/route_pass_simulator/app.py:217: FutureWarning: Styler.applymap has been deprecated. Use Styler.map instead.
  display_df.style.applymap(color_comparison, subset=["Gap (%)"]),
2026-03-30 13:17:12.657 Please replace `use_container_width` with `width`.

`use_container_width` will be removed after 2025-12-31.

For `use_container_width=True`, use `width='stretch'`. For `use_container_width=False`, use `width='content'`.
/Users/Work/pythonCodes/route_pass_simulator/app.py:217: FutureWarning: Styler.applymap has been deprecated. Use Styler.map instead.
  display_df.style.applymap(color_comparison, subset=["Gap (%)"]),
2026-03-30 13:17:12.672 Please replace `use_container_width` with `width`.

`use_container_width` will be removed after 2025-12-31.

For `use_container_width=True`, use `width='stretch'`. For `use_container_width=False`, use `width='content'`.
/Users/Work/pythonCodes/route_pass_simulator/app.py:217: FutureWarning: Styler.applymap has been deprecated. Use Styler.map instead.
  display_df.style.applymap(color_comparison, subset=["Gap (%)"]),
2026-03-30 13:17:12.676 Please replace `use_container_width` with `width`.

`use_container_width` will be removed after 2025-12-31.

For `use_container_width=True`, use `width='stretch'`. For `use_container_width=False`, use `width='content'`.
/Users/Work/pythonCodes/route_pass_simulator/app.py:217: FutureWarning: Styler.applymap has been deprecated. Use Styler.map instead.
  display_df.style.applymap(color_comparison, subset=["Gap (%)"]),
2026-03-30 14:01:17.637 Please replace `use_container_width` with `width`.

`use_container_width` will be removed after 2025-12-31.

For `use_container_width=True`, use `width='stretch'`. For `use_container_width=False`, use `width='content'`.
/Users/Work/pythonCodes/route_pass_simulator/app.py:217: FutureWarning: Styler.applymap has been deprecated. Use Styler.map instead.
  display_df.style.applymap(color_comparison, subset=["Gap (%)"]),
2026-03-30 14:01:17.644 Please replace `use_container_width` with `width`.

`use_container_width` will be removed after 2025-12-31.

For `use_container_width=True`, use `width='stretch'`. For `use_container_width=False`, use `width='content'`.
/Users/Work/pythonCodes/route_pass_simulator/app.py:217: FutureWarning: Styler.applymap has been deprecated. Use Styler.map instead.
  display_df.style.applymap(color_comparison, subset=["Gap (%)"]),
2026-03-30 14:01:17.651 Please replace `use_container_width` with `width`.

`use_container_width` will be removed after 2025-12-31.

For `use_container_width=True`, use `width='stretch'`. For `use_container_width=False`, use `width='content'`.
